# JRE version: OpenJDK Runtime Environment Temurin-21.0.9+10 (21.0.9+10) (build 21.0.9+10-LTS)
# Java VM: OpenJDK 64-Bit Server VM Temurin-21.0.9+10 (21.0.9+10-LTS, mixed mode, sharing, tiered, compressed oops, compressed class ptrs, parallel gc, windows-amd64)
GC Precious Log:
 CardTable entry size: 512
 CPUs: 8 total, 8 available
 Memory: 20301M
 Large Page Support: Disabled
 NUMA Support: Disabled
 Compressed Oops: Enabled (32-bit)
 Alignments: Space 512K, Generation 512K, Heap 2M
 Heap Min Capacity: 100M
 Heap Initial Capacity: 100M
 Heap Max Capacity: 2G
 Pre-touch: Disabled
 Parallel Workers: 8
Heap:
 PSYoungGen      total 9216K, used 6266K [0x00000000d5580000, 0x00000000d6580000, 0x0000000100000000)
  eden space 7680K, 62% used [0x00000000d5580000,0x00000000d5a26b40,0x00000000d5d00000)
  from space 1536K, 97% used [0x00000000d5f00000,0x00000000d6078000,0x00000000d6080000)
  to   space 3072K, 0% used [0x00000000d6280000,0x00000000d6280000,0x00000000d6580000)
 ParOldGen       total 604160K, used 604085K [0x0000000080000000, 0x00000000a4e00000, 0x00000000d5580000)
  object space 604160K, 99% used [0x0000000080000000,0x00000000a4ded7d8,0x00000000a4e00000)
 Metaspace       used 115714K, committed 117632K, reserved 1179648K
  class space    used 11176K, committed 12096K, reserved 1048576K
GC Heap History (20 events):
Event: 856788.111 GC heap before
{Heap before GC invocations=107901 (full 79):
 PSYoungGen      total 5632K, used 4463K [0x00000000d5580000, 0x00000000d5d80000, 0x0000000100000000)
  eden space 2560K, 99% used [0x00000000d5580000,0x00000000d57ffe50,0x00000000d5800000)
  from space 3072K, 61% used [0x00000000d5800000,0x00000000d59dc018,0x00000000d5b00000)
  to   space 2560K, 0% used [0x00000000d5b00000,0x00000000d5b00000,0x00000000d5d80000)
 ParOldGen       total 582144K, used 581636K [0x0000000080000000, 0x00000000a3880000, 0x00000000d5580000)
  object space 582144K, 99% used [0x0000000080000000,0x00000000a38010b0,0x00000000a3880000)
 Metaspace       used 115648K, committed 117568K, reserved 1179648K
  class space    used 11170K, committed 12096K, reserved 1048576K
}
Event: 856788.120 GC heap after
{Heap after GC invocations=107901 (full 79):
 PSYoungGen      total 5120K, used 1600K [0x00000000d5580000, 0x00000000d5d00000, 0x0000000100000000)
  eden space 3072K, 0% used [0x00000000d5580000,0x00000000d5580000,0x00000000d5880000)
  from space 2048K, 78% used [0x00000000d5b00000,0x00000000d5c90000,0x00000000d5d00000)
  to   space 2048K, 0% used [0x00000000d5900000,0x00000000d5900000,0x00000000d5b00000)
 ParOldGen       total 583680K, used 583368K [0x0000000080000000, 0x00000000a3a00000, 0x00000000d5580000)
  object space 583680K, 99% used [0x0000000080000000,0x00000000a39b22f0,0x00000000a3a00000)
 Metaspace       used 115648K, committed 117568K, reserved 1179648K
  class space    used 11170K, committed 12096K, reserved 1048576K
}
Event: 856788.137 GC heap before
{Heap before GC invocations=107902 (full 79):
 PSYoungGen      total 5120K, used 4672K [0x00000000d5580000, 0x00000000d5d00000, 0x0000000100000000)
  eden space 3072K, 100% used [0x00000000d5580000,0x00000000d5880000,0x00000000d5880000)
  from space 2048K, 78% used [0x00000000d5b00000,0x00000000d5c90000,0x00000000d5d00000)
  to   space 2048K, 0% used [0x00000000d5900000,0x00000000d5900000,0x00000000d5b00000)
 ParOldGen       total 583680K, used 583368K [0x0000000080000000, 0x00000000a3a00000, 0x00000000d5580000)
  object space 583680K, 99% used [0x0000000080000000,0x00000000a39b22f0,0x00000000a3a00000)
 Metaspace       used 115648K, committed 117568K, reserved 1179648K
  class space    used 11170K, committed 12096K, reserved 1048576K
}
Event: 856788.143 GC heap after
{Heap after GC invocations=107902 (full 79):
 PSYoungGen      total 5632K, used 2048K [0x00000000d5580000, 0x00000000d6180000, 0x0000000100000000)
  eden space 3584K, 0% used [0x00000000d5580000,0x00000000d5580000,0x00000000d5900000)
  from space 2048K, 100% used [0x00000000d5900000,0x00000000d5b00000,0x00000000d5b00000)
  to   space 4096K, 0% used [0x00000000d5d80000,0x00000000d5d80000,0x00000000d6180000)
 ParOldGen       total 585216K, used 584921K [0x0000000080000000, 0x00000000a3b80000, 0x00000000d5580000)
  object space 585216K, 99% used [0x0000000080000000,0x00000000a3b36500,0x00000000a3b80000)
 Metaspace       used 115648K, committed 117568K, reserved 1179648K
  class space    used 11170K, committed 12096K, reserved 1048576K
}
Event: 856788.171 GC heap before
{Heap before GC invocations=107903 (full 79):
 PSYoungGen      total 5632K, used 5632K [0x00000000d5580000, 0x00000000d6180000, 0x0000000100000000)
  eden space 3584K, 100% used [0x00000000d5580000,0x00000000d5900000,0x00000000d5900000)
  from space 2048K, 100% used [0x00000000d5900000,0x00000000d5b00000,0x00000000d5b00000)
  to   space 4096K, 0% used [0x00000000d5d80000,0x00000000d5d80000,0x00000000d6180000)
 ParOldGen       total 585216K, used 584921K [0x0000000080000000, 0x00000000a3b80000, 0x00000000d5580000)
  object space 585216K, 99% used [0x0000000080000000,0x00000000a3b36500,0x00000000a3b80000)
 Metaspace       used 115648K, committed 117568K, reserved 1179648K
  class space    used 11170K, committed 12096K, reserved 1048576K
}
Event: 856788.178 GC heap after
{Heap after GC invocations=107903 (full 79):
 PSYoungGen      total 7680K, used 2672K [0x00000000d5580000, 0x00000000d6080000, 0x0000000100000000)
  eden space 4608K, 0% used [0x00000000d5580000,0x00000000d5580000,0x00000000d5a00000)
  from space 3072K, 86% used [0x00000000d5d80000,0x00000000d601c018,0x00000000d6080000)
  to   space 3072K, 0% used [0x00000000d5a80000,0x00000000d5a80000,0x00000000d5d80000)
 ParOldGen       total 587264K, used 586973K [0x0000000080000000, 0x00000000a3d80000, 0x00000000d5580000)
  object space 587264K, 99% used [0x0000000080000000,0x00000000a3d375c0,0x00000000a3d80000)
 Metaspace       used 115648K, committed 117568K, reserved 1179648K
  class space    used 11170K, committed 12096K, reserved 1048576K
}
Event: 856788.195 GC heap before
{Heap before GC invocations=107904 (full 79):
 PSYoungGen      total 7680K, used 7280K [0x00000000d5580000, 0x00000000d6080000, 0x0000000100000000)
  eden space 4608K, 100% used [0x00000000d5580000,0x00000000d5a00000,0x00000000d5a00000)
  from space 3072K, 86% used [0x00000000d5d80000,0x00000000d601c018,0x00000000d6080000)
  to   space 3072K, 0% used [0x00000000d5a80000,0x00000000d5a80000,0x00000000d5d80000)
 ParOldGen       total 587264K, used 586973K [0x0000000080000000, 0x00000000a3d80000, 0x00000000d5580000)
  object space 587264K, 99% used [0x0000000080000000,0x00000000a3d375c0,0x00000000a3d80000)
 Metaspace       used 115648K, committed 117568K, reserved 1179648K
  class space    used 11170K, committed 12096K, reserved 1048576K
}
Event: 856788.205 GC heap after
{Heap after GC invocations=107904 (full 79):
 PSYoungGen      total 8192K, used 3072K [0x00000000d5580000, 0x00000000d6200000, 0x0000000100000000)
  eden space 5120K, 0% used [0x00000000d5580000,0x00000000d5580000,0x00000000d5a80000)
  from space 3072K, 100% used [0x00000000d5a80000,0x00000000d5d80000,0x00000000d5d80000)
  to   space 3584K, 0% used [0x00000000d5e80000,0x00000000d5e80000,0x00000000d6200000)
 ParOldGen       total 589824K, used 589634K [0x0000000080000000, 0x00000000a4000000, 0x00000000d5580000)
  object space 589824K, 99% used [0x0000000080000000,0x00000000a3fd0890,0x00000000a4000000)
 Metaspace       used 115648K, committed 117568K, reserved 1179648K
  class space    used 11170K, committed 12096K, reserved 1048576K
}
Event: 856788.329 GC heap before
{Heap before GC invocations=107905 (full 79):
 PSYoungGen      total 8192K, used 8191K [0x00000000d5580000, 0x00000000d6200000, 0x0000000100000000)
  eden space 5120K, 99% used [0x00000000d5580000,0x00000000d5a7fff8,0x00000000d5a80000)
  from space 3072K, 100% used [0x00000000d5a80000,0x00000000d5d80000,0x00000000d5d80000)
  to   space 3584K, 0% used [0x00000000d5e80000,0x00000000d5e80000,0x00000000d6200000)
 ParOldGen       total 589824K, used 589634K [0x0000000080000000, 0x00000000a4000000, 0x00000000d5580000)
  object space 589824K, 99% used [0x0000000080000000,0x00000000a3fd0890,0x00000000a4000000)
 Metaspace       used 115648K, committed 117568K, reserved 1179648K
  class space    used 11170K, committed 12096K, reserved 1048576K
}
Event: 856788.338 GC heap after
{Heap after GC invocations=107905 (full 79):
 PSYoungGen      total 8704K, used 3552K [0x00000000d5580000, 0x00000000d6380000, 0x0000000100000000)
  eden space 5120K, 0% used [0x00000000d5580000,0x00000000d5580000,0x00000000d5a80000)
  from space 3584K, 99% used [0x00000000d5e80000,0x00000000d61f8000,0x00000000d6200000)
  to   space 4096K, 0% used [0x00000000d5a80000,0x00000000d5a80000,0x00000000d5e80000)
 ParOldGen       total 592896K, used 592563K [0x0000000080000000, 0x00000000a4300000, 0x00000000d5580000)
  object space 592896K, 99% used [0x0000000080000000,0x00000000a42acc38,0x00000000a4300000)
 Metaspace       used 115648K, committed 117568K, reserved 1179648K
  class space    used 11170K, committed 12096K, reserved 1048576K
}
Event: 856788.372 GC heap before
{Heap before GC invocations=107906 (full 79):
 PSYoungGen      total 8704K, used 8672K [0x00000000d5580000, 0x00000000d6380000, 0x0000000100000000)
  eden space 5120K, 100% used [0x00000000d5580000,0x00000000d5a80000,0x00000000d5a80000)
  from space 3584K, 99% used [0x00000000d5e80000,0x00000000d61f8000,0x00000000d6200000)
  to   space 4096K, 0% used [0x00000000d5a80000,0x00000000d5a80000,0x00000000d5e80000)
 ParOldGen       total 592896K, used 592563K [0x0000000080000000, 0x00000000a4300000, 0x00000000d5580000)
  object space 592896K, 99% used [0x0000000080000000,0x00000000a42acc38,0x00000000a4300000)
 Metaspace       used 115648K, committed 117568K, reserved 1179648K
  class space    used 11170K, committed 12096K, reserved 1048576K
}
Event: 856788.379 GC heap after
{Heap after GC invocations=107906 (full 79):
 PSYoungGen      total 9216K, used 3584K [0x00000000d5580000, 0x00000000d6380000, 0x0000000100000000)
  eden space 5120K, 0% used [0x00000000d5580000,0x00000000d5580000,0x00000000d5a80000)
  from space 4096K, 87% used [0x00000000d5a80000,0x00000000d5e00000,0x00000000d5e80000)
  to   space 4096K, 0% used [0x00000000d5f80000,0x00000000d5f80000,0x00000000d6380000)
 ParOldGen       total 596480K, used 596027K [0x0000000080000000, 0x00000000a4680000, 0x00000000d5580000)
  object space 596480K, 99% used [0x0000000080000000,0x00000000a460eff8,0x00000000a4680000)
 Metaspace       used 115648K, committed 117568K, reserved 1179648K
  class space    used 11170K, committed 12096K, reserved 1048576K
}
Event: 856788.393 GC heap before
{Heap before GC invocations=107907 (full 79):
 PSYoungGen      total 9216K, used 8703K [0x00000000d5580000, 0x00000000d6380000, 0x0000000100000000)
  eden space 5120K, 99% used [0x00000000d5580000,0x00000000d5a7fff0,0x00000000d5a80000)
  from space 4096K, 87% used [0x00000000d5a80000,0x00000000d5e00000,0x00000000d5e80000)
  to   space 4096K, 0% used [0x00000000d5f80000,0x00000000d5f80000,0x00000000d6380000)
 ParOldGen       total 596480K, used 596027K [0x0000000080000000, 0x00000000a4680000, 0x00000000d5580000)
  object space 596480K, 99% used [0x0000000080000000,0x00000000a460eff8,0x00000000a4680000)
 Metaspace       used 115648K, committed 117568K, reserved 1179648K
  class space    used 11170K, committed 12096K, reserved 1048576K
}
Event: 856788.398 GC heap after
{Heap after GC invocations=107907 (full 79):
 PSYoungGen      total 9216K, used 3072K [0x00000000d5580000, 0x00000000d6280000, 0x0000000100000000)
  eden space 6144K, 0% used [0x00000000d5580000,0x00000000d5580000,0x00000000d5b80000)
  from space 3072K, 100% used [0x00000000d5f80000,0x00000000d6280000,0x00000000d6280000)
  to   space 3584K, 0% used [0x00000000d5b80000,0x00000000d5b80000,0x00000000d5f00000)
 ParOldGen       total 596992K, used 596756K [0x0000000080000000, 0x00000000a4700000, 0x00000000d5580000)
  object space 596992K, 99% used [0x0000000080000000,0x00000000a46c5088,0x00000000a4700000)
 Metaspace       used 115648K, committed 117568K, reserved 1179648K
  class space    used 11170K, committed 12096K, reserved 1048576K
}
Event: 856788.510 GC heap before
{Heap before GC invocations=107908 (full 79):
 PSYoungGen      total 9216K, used 9215K [0x00000000d5580000, 0x00000000d6280000, 0x0000000100000000)
  eden space 6144K, 99% used [0x00000000d5580000,0x00000000d5b7fff0,0x00000000d5b80000)
  from space 3072K, 100% used [0x00000000d5f80000,0x00000000d6280000,0x00000000d6280000)
  to   space 3584K, 0% used [0x00000000d5b80000,0x00000000d5b80000,0x00000000d5f00000)
 ParOldGen       total 596992K, used 596756K [0x0000000080000000, 0x00000000a4700000, 0x00000000d5580000)
  object space 596992K, 99% used [0x0000000080000000,0x00000000a46c5088,0x00000000a4700000)
 Metaspace       used 115648K, committed 117568K, reserved 1179648K
  class space    used 11170K, committed 12096K, reserved 1048576K
}
Event: 856788.519 GC heap after
{Heap after GC invocations=107908 (full 79):
 PSYoungGen      total 9728K, used 3568K [0x00000000d5580000, 0x00000000d6d00000, 0x0000000100000000)
  eden space 6144K, 0% used [0x00000000d5580000,0x00000000d5580000,0x00000000d5b80000)
  from space 3584K, 99% used [0x00000000d5b80000,0x00000000d5efc018,0x00000000d5f00000)
  to   space 8192K, 0% used [0x00000000d6500000,0x00000000d6500000,0x00000000d6d00000)
 ParOldGen       total 600576K, used 600312K [0x0000000080000000, 0x00000000a4a80000, 0x00000000d5580000)
  object space 600576K, 99% used [0x0000000080000000,0x00000000a4a3e3d0,0x00000000a4a80000)
 Metaspace       used 115648K, committed 117568K, reserved 1179648K
  class space    used 11170K, committed 12096K, reserved 1048576K
}
Event: 856788.540 GC heap before
{Heap before GC invocations=107909 (full 79):
 PSYoungGen      total 9728K, used 9712K [0x00000000d5580000, 0x00000000d6d00000, 0x0000000100000000)
  eden space 6144K, 100% used [0x00000000d5580000,0x00000000d5b80000,0x00000000d5b80000)
  from space 3584K, 99% used [0x00000000d5b80000,0x00000000d5efc018,0x00000000d5f00000)
  to   space 8192K, 0% used [0x00000000d6500000,0x00000000d6500000,0x00000000d6d00000)
 ParOldGen       total 600576K, used 600312K [0x0000000080000000, 0x00000000a4a80000, 0x00000000d5580000)
  object space 600576K, 99% used [0x0000000080000000,0x00000000a4a3e3d0,0x00000000a4a80000)
 Metaspace       used 115651K, committed 117568K, reserved 1179648K
  class space    used 11170K, committed 12096K, reserved 1048576K
}
Event: 856788.549 GC heap after
{Heap after GC invocations=107909 (full 79):
 PSYoungGen      total 12800K, used 4608K [0x00000000d5580000, 0x00000000d6a00000, 0x0000000100000000)
  eden space 7680K, 0% used [0x00000000d5580000,0x00000000d5580000,0x00000000d5d00000)
  from space 5120K, 90% used [0x00000000d6500000,0x00000000d6980030,0x00000000d6a00000)
  to   space 5632K, 0% used [0x00000000d5f00000,0x00000000d5f00000,0x00000000d6480000)
 ParOldGen       total 604160K, used 603917K [0x0000000080000000, 0x00000000a4e00000, 0x00000000d5580000)
  object space 604160K, 99% used [0x0000000080000000,0x00000000a4dc37d8,0x00000000a4e00000)
 Metaspace       used 115651K, committed 117568K, reserved 1179648K
  class space    used 11170K, committed 12096K, reserved 1048576K
}
Event: 856788.740 GC heap before
{Heap before GC invocations=107910 (full 79):
 PSYoungGen      total 12800K, used 12288K [0x00000000d5580000, 0x00000000d6a00000, 0x0000000100000000)
  eden space 7680K, 100% used [0x00000000d5580000,0x00000000d5d00000,0x00000000d5d00000)
  from space 5120K, 90% used [0x00000000d6500000,0x00000000d6980030,0x00000000d6a00000)
  to   space 5632K, 0% used [0x00000000d5f00000,0x00000000d5f00000,0x00000000d6480000)
 ParOldGen       total 604160K, used 603917K [0x0000000080000000, 0x00000000a4e00000, 0x00000000d5580000)
  object space 604160K, 99% used [0x0000000080000000,0x00000000a4dc37d8,0x00000000a4e00000)
 Metaspace       used 115681K, committed 117568K, reserved 1179648K
  class space    used 11175K, committed 12096K, reserved 1048576K
}
Event: 856788.747 GC heap after
{Heap after GC invocations=107910 (full 79):
 PSYoungGen      total 9216K, used 1504K [0x00000000d5580000, 0x00000000d6580000, 0x0000000100000000)
  eden space 7680K, 0% used [0x00000000d5580000,0x00000000d5580000,0x00000000d5d00000)
  from space 1536K, 97% used [0x00000000d5f00000,0x00000000d6078000,0x00000000d6080000)
  to   space 3072K, 0% used [0x00000000d6280000,0x00000000d6280000,0x00000000d6580000)
 ParOldGen       total 604160K, used 604085K [0x0000000080000000, 0x00000000a4e00000, 0x00000000d5580000)
  object space 604160K, 99% used [0x0000000080000000,0x00000000a4ded7d8,0x00000000a4e00000)
 Metaspace       used 115681K, committed 117568K, reserved 1179648K
  class space    used 11175K, committed 12096K, reserved 1048576K
}

